<?xml version="1.0" encoding="UTF-8"?>
<!-- Generated by org.testng.reporters.JUnitXMLReporter -->
<testsuite ignored="0" hostname="DESKTOP-2M3SMF0" failures="0" tests="5" name="Default test" time="27.043" errors="0" timestamp="2023-03-22T08:07:08 EET">
  <testcase classname="demopak.Main_Demo" name="Validation" time="6.592"/>
  <testcase classname="demopak.Main_Demo" name="Validation" time="6.602"/>
  <testcase classname="demopak.Main_Demo" name="Validation" time="6.517"/>
  <testcase classname="demopak.Main_Demo" name="call_Title" time="0.007"/>
  <testcase classname="demopak.Main_Demo" name="check_img_drawer" time="0.08"/>
</testsuite> <!-- Default test -->
