<?xml version="1.0" encoding="UTF-8"?>
<testng-results ignored="0" total="5" passed="5" failed="0" skipped="0">
  <reporter-output>
  </reporter-output>
  <suite started-at="2023-03-22T08:06:41 EET" name="Default suite" finished-at="2023-03-22T08:07:08 EET" duration-ms="27043">
    <groups>
    </groups>
    <test started-at="2023-03-22T08:06:41 EET" name="Default test" finished-at="2023-03-22T08:07:08 EET" duration-ms="27043">
      <class name="demopak.Main_Demo">
        <test-method is-config="true" signature="beforeTest()[pri:0, instance:demopak.Main_Demo@7b98f307]" started-at="2023-03-22T08:06:41 EET" name="beforeTest" finished-at="2023-03-22T08:06:48 EET" duration-ms="7191" status="PASS">
          <reporter-output>
          </reporter-output>
        </test-method> <!-- beforeTest -->
        <test-method signature="Validation()[pri:0, instance:demopak.Main_Demo@7b98f307]" started-at="2023-03-22T08:06:48 EET" name="Validation" finished-at="2023-03-22T08:06:55 EET" duration-ms="6592" status="PASS">
          <reporter-output>
          </reporter-output>
        </test-method> <!-- Validation -->
        <test-method signature="Validation()[pri:0, instance:demopak.Main_Demo@7b98f307]" started-at="2023-03-22T08:06:55 EET" name="Validation" finished-at="2023-03-22T08:07:02 EET" duration-ms="6602" status="PASS">
          <reporter-output>
          </reporter-output>
        </test-method> <!-- Validation -->
        <test-method signature="Validation()[pri:0, instance:demopak.Main_Demo@7b98f307]" started-at="2023-03-22T08:07:02 EET" name="Validation" finished-at="2023-03-22T08:07:08 EET" duration-ms="6517" status="PASS">
          <reporter-output>
          </reporter-output>
        </test-method> <!-- Validation -->
        <test-method signature="call_Title()[pri:0, instance:demopak.Main_Demo@7b98f307]" started-at="2023-03-22T08:07:08 EET" name="call_Title" finished-at="2023-03-22T08:07:08 EET" duration-ms="7" status="PASS">
          <reporter-output>
          </reporter-output>
        </test-method> <!-- call_Title -->
        <test-method signature="check_img_drawer()[pri:0, instance:demopak.Main_Demo@7b98f307]" started-at="2023-03-22T08:07:08 EET" name="check_img_drawer" finished-at="2023-03-22T08:07:08 EET" duration-ms="80" status="PASS">
          <reporter-output>
          </reporter-output>
        </test-method> <!-- check_img_drawer -->
      </class> <!-- demopak.Main_Demo -->
    </test> <!-- Default test -->
  </suite> <!-- Default suite -->
</testng-results>
